<?xml version="1.0" encoding="UTF-8"?>
<!-- Generated by org.testng.reporters.JUnitReportReporter -->
<testsuite hostname="IS-Y545-AL" failures="0" tests="1" name="newTestcase.Tc001_Subsribe_Test" time="20.812" errors="0" timestamp="12 Jan 2023 09:42:21 GMT">
  <testcase classname="newTestcase.Tc001_Subsribe_Test" name="portfolioTest" time="20.812"/>
</testsuite> <!-- newTestcase.Tc001_Subsribe_Test -->
